#
# There is insufficient memory for the Java Runtime Environment to continue.
# Native memory allocation (malloc) failed to allocate 97584 bytes for Chunk::new
# Possible reasons:
#   The system is out of physical RAM or swap space
#   In 32 bit mode, the process size limit was hit
# Possible solutions:
#   Reduce memory load on the system
#   Increase physical memory or swap space
#   Check if swap backing store is full
#   Use 64 bit Java on a 64 bit OS
#   Decrease Java heap size (-Xmx/-Xms)
#   Decrease number of Java threads
#   Decrease Java thread stack sizes (-Xss)
#   Set larger code cache with -XX:ReservedCodeCacheSize=
# This output file may be truncated or incomplete.
#
#  Out of Memory Error (allocation.cpp:390), pid=7856, tid=0x00000000000006c0
#
# JRE version: OpenJDK Runtime Environment (8.0_112-b06) (build 1.8.0_112-release-b06)
# Java VM: OpenJDK 64-Bit Server VM (25.112-b06 mixed mode windows-amd64 compressed oops)
# Failed to write core dump. Minidumps are not enabled by default on client versions of Windows
#

---------------  T H R E A D  ---------------

Current thread (0x00000000175be000):  JavaThread "C2 CompilerThread1" daemon [_thread_in_native, id=1728, stack(0x0000000017c80000,0x0000000017d80000)]

Stack: [0x0000000017c80000,0x0000000017d80000]
[error occurred during error reporting (printing stack bounds), id 0xc0000005]

Native frames: (J=compiled Java code, j=interpreted, Vv=VM code, C=native code)


Current CompileTask:
C2: 476317 14180       4       com.sun.tools.javac.parser.JavacParser::term3 (2502 bytes)


---------------  P R O C E S S  ---------------

Java Threads: ( => current thread )
  0x000000001b6dd000 JavaThread "Cache update executor" [_thread_blocked, id=7180, stack(0x00000000229b0000,0x0000000022ab0000)]
  0x000000001b6d8000 JavaThread "Stdin handler" [_thread_blocked, id=10332, stack(0x00000000228b0000,0x00000000229b0000)]
  0x000000001b6dc800 JavaThread "Asynchronous log dispatcher for DefaultDaemonConnection: socket connection from /127.0.0.1:2414 to /127.0.0.1:4145" [_thread_blocked, id=4932, stack(0x00000000227b0000,0x00000000228b0000)]
  0x000000001b6d0000 JavaThread "Daemon worker Thread 3" [_thread_in_Java, id=5728, stack(0x00000000226b0000,0x00000000227b0000)]
  0x000000001b6d4000 JavaThread "Cancel handler" [_thread_blocked, id=7980, stack(0x00000000225b0000,0x00000000226b0000)]
  0x000000001b6d2000 JavaThread "Handler for socket connection from /127.0.0.1:2414 to /127.0.0.1:4145" [_thread_in_native, id=10540, stack(0x00000000224b0000,0x00000000225b0000)]
  0x000000001b6d6800 JavaThread "Daemon Thread 3" [_thread_blocked, id=1528, stack(0x00000000223b0000,0x00000000224b0000)]
  0x000000001b00c000 JavaThread "pool-3-thread-1" [_thread_blocked, id=5796, stack(0x0000000020db0000,0x0000000020eb0000)]
  0x000000001b013000 JavaThread "pool-2-thread-1" [_thread_blocked, id=9144, stack(0x000000001cb10000,0x000000001cc10000)]
  0x000000001b012800 JavaThread "File lock request listener" [_thread_in_native, id=964, stack(0x000000001ca10000,0x000000001cb10000)]
  0x0000000018eda000 JavaThread "pool-1-thread-1" [_thread_blocked, id=536, stack(0x000000001a020000,0x000000001a120000)]
  0x000000001795f800 JavaThread "Incoming local TCP Connector on port 2414" [_thread_in_native, id=3296, stack(0x0000000019a50000,0x0000000019b50000)]
  0x0000000017603800 JavaThread "Service Thread" daemon [_thread_blocked, id=7080, stack(0x0000000017e80000,0x0000000017f80000)]
  0x00000000175d5800 JavaThread "C1 CompilerThread2" daemon [_thread_blocked, id=9700, stack(0x0000000017d80000,0x0000000017e80000)]
=>0x00000000175be000 JavaThread "C2 CompilerThread1" daemon [_thread_in_native, id=1728, stack(0x0000000017c80000,0x0000000017d80000)]
  0x000000001617a000 JavaThread "C2 CompilerThread0" daemon [_thread_in_native, id=8648, stack(0x0000000017b80000,0x0000000017c80000)]
  0x0000000016179800 JavaThread "Attach Listener" daemon [_thread_blocked, id=6460, stack(0x0000000017a80000,0x0000000017b80000)]
  0x0000000016133000 JavaThread "Signal Dispatcher" daemon [_thread_blocked, id=2748, stack(0x0000000017980000,0x0000000017a80000)]
  0x00000000027ac800 JavaThread "Finalizer" daemon [_thread_blocked, id=1092, stack(0x0000000017380000,0x0000000017480000)]
  0x00000000027a0800 JavaThread "Reference Handler" daemon [_thread_blocked, id=1412, stack(0x0000000017280000,0x0000000017380000)]
  0x00000000026b1000 JavaThread "main" [_thread_blocked, id=1080, stack(0x00000000025b0000,0x00000000026b0000)]

Other Threads:
  0x00000000160e5800 VMThread [stack: 0x0000000017180000,0x0000000017280000] [id=11220]
  0x000000001762c800 WatcherThread [stack: 0x0000000017f80000,0x0000000018080000] [id=8232]

VM state:not at safepoint (normal execution)

VM Mutex/Monitor currently owned by a thread: None

Heap:
 PSYoungGen      total 407040K, used 49199K [0x00000000e0000000, 0x0000000100000000, 0x0000000100000000)
  eden space 289792K, 9% used [0x00000000e0000000,0x00000000e1beeac0,0x00000000f1b00000)
  from space 117248K, 17% used [0x00000000f1b00000,0x00000000f2f1d380,0x00000000f8d80000)
  to   space 115712K, 0% used [0x00000000f8f00000,0x00000000f8f00000,0x0000000100000000)
 ParOldGen       total 556544K, used 439119K [0x00000000a0000000, 0x00000000c1f80000, 0x00000000e0000000)
  object space 556544K, 78% used [0x00000000a0000000,0x00000000bacd3d18,0x00000000c1f80000)
 Metaspace       used 64391K, capacity 66606K, committed 66816K, reserved 1107968K
  class space    used 8174K, capacity 8642K, committed 8704K, reserved 1048576K

Card table byte_map: [0x0000000011b70000,0x0000000011e80000] byte_map_base: 0x0000000011670000

Marking Bits: (ParMarkBitMap*) 0x00000000520018f0
 Begin Bits: [0x0000000012480000, 0x0000000013c80000)
 End Bits:   [0x0000000013c80000, 0x0000000015480000)

Polling page: 0x0000000000890000

CodeCache: size=245760Kb used=40518Kb max_used=40518Kb free=205241Kb
 bounds [0x00000000027b0000, 0x0000000004f80000, 0x00000000117b0000]
 total_blobs=11926 nmethods=11142 adapters=695
 compilation: enabled

Compilation events (10 events):
Event: 476.091 Thread 0x00000000175d5800 14206   !   3       com.sun.tools.javac.parser.JavadocTokenizer$JavadocComment::scanDocComment (1058 bytes)
Event: 476.097 Thread 0x00000000175d5800 nmethod 14206 0x0000000004f6ce10 code [0x0000000004f6d580, 0x0000000004f73538]
Event: 476.097 Thread 0x00000000175d5800 14207       3       java.util.regex.Pattern$Branch::<init> (37 bytes)
Event: 476.097 Thread 0x00000000175d5800 nmethod 14207 0x00000000029f7ad0 code [0x00000000029f7c60, 0x00000000029f8190]
Event: 476.129 Thread 0x00000000175d5800 14215       2       com.sun.tools.javac.parser.JavadocTokenizer$DocReader::putChar (141 bytes)
Event: 476.130 Thread 0x00000000175d5800 nmethod 14215 0x0000000004f5f5d0 code [0x0000000004f5f760, 0x0000000004f5faf8]
Event: 476.199 Thread 0x00000000175d5800 14220       1       java.util.regex.Pattern$BranchConn::study (5 bytes)
Event: 476.199 Thread 0x00000000175d5800 nmethod 14220 0x0000000003b2e150 code [0x0000000003b2e2a0, 0x0000000003b2e3b0]
Event: 476.232 Thread 0x00000000175d5800 14221       2       com.sun.tools.javac.parser.UnicodeReader::peekChar (12 bytes)
Event: 476.233 Thread 0x00000000175d5800 nmethod 14221 0x0000000003d6da90 code [0x0000000003d6dbe0, 0x0000000003d6dd50]

GC Heap History (10 events):
Event: 70.581 GC heap before
{Heap before GC invocations=41 (full 12):
 PSYoungGen      total 422912K, used 321536K [0x00000000e0000000, 0x0000000100000000, 0x0000000100000000)
  eden space 321536K, 100% used [0x00000000e0000000,0x00000000f3a00000,0x00000000f3a00000)
  from space 101376K, 0% used [0x00000000f3a00000,0x00000000f3a00000,0x00000000f9d00000)
  to   space 101376K, 0% used [0x00000000f9d00000,0x00000000f9d00000,0x0000000100000000)
 ParOldGen       total 556544K, used 556164K [0x00000000a0000000, 0x00000000c1f80000, 0x00000000e0000000)
  object space 556544K, 99% used [0x00000000a0000000,0x00000000c1f21090,0x00000000c1f80000)
 Metaspace       used 55028K, capacity 56814K, committed 57088K, reserved 1099776K
  class space    used 7207K, capacity 7616K, committed 7680K, reserved 1048576K
Event: 75.527 GC heap after
Heap after GC invocations=41 (full 12):
 PSYoungGen      total 422912K, used 202992K [0x00000000e0000000, 0x0000000100000000, 0x0000000100000000)
  eden space 321536K, 63% used [0x00000000e0000000,0x00000000ec63c2e0,0x00000000f3a00000)
  from space 101376K, 0% used [0x00000000f3a00000,0x00000000f3a00000,0x00000000f9d00000)
  to   space 101376K, 0% used [0x00000000f9d00000,0x00000000f9d00000,0x0000000100000000)
 ParOldGen       total 556544K, used 556130K [0x00000000a0000000, 0x00000000c1f80000, 0x00000000e0000000)
  object space 556544K, 99% used [0x00000000a0000000,0x00000000c1f18b18,0x00000000c1f80000)
 Metaspace       used 55028K, capacity 56814K, committed 57088K, reserved 1099776K
  class space    used 7207K, capacity 7616K, committed 7680K, reserved 1048576K
}
Event: 77.513 GC heap before
{Heap before GC invocations=42 (full 13):
 PSYoungGen      total 422912K, used 321536K [0x00000000e0000000, 0x0000000100000000, 0x0000000100000000)
  eden space 321536K, 100% used [0x00000000e0000000,0x00000000f3a00000,0x00000000f3a00000)
  from space 101376K, 0% used [0x00000000f3a00000,0x00000000f3a00000,0x00000000f9d00000)
  to   space 101376K, 0% used [0x00000000f9d00000,0x00000000f9d00000,0x0000000100000000)
 ParOldGen       total 556544K, used 556130K [0x00000000a0000000, 0x00000000c1f80000, 0x00000000e0000000)
  object space 556544K, 99% used [0x00000000a0000000,0x00000000c1f18b18,0x00000000c1f80000)
 Metaspace       used 55432K, capacity 57198K, committed 57344K, reserved 1099776K
  class space    used 7223K, capacity 7616K, committed 7680K, reserved 1048576K
Event: 82.470 GC heap after
Heap after GC invocations=42 (full 13):
 PSYoungGen      total 422912K, used 161031K [0x00000000e0000000, 0x0000000100000000, 0x0000000100000000)
  eden space 321536K, 50% used [0x00000000e0000000,0x00000000e9d41d10,0x00000000f3a00000)
  from space 101376K, 0% used [0x00000000f3a00000,0x00000000f3a00000,0x00000000f9d00000)
  to   space 101376K, 0% used [0x00000000f9d00000,0x00000000f9d00000,0x0000000100000000)
 ParOldGen       total 556544K, used 556362K [0x00000000a0000000, 0x00000000c1f80000, 0x00000000e0000000)
  object space 556544K, 99% used [0x00000000a0000000,0x00000000c1f52b38,0x00000000c1f80000)
 Metaspace       used 55432K, capacity 57198K, committed 57344K, reserved 1099776K
  class space    used 7223K, capacity 7616K, committed 7680K, reserved 1048576K
}
Event: 84.099 GC heap before
{Heap before GC invocations=43 (full 14):
 PSYoungGen      total 422912K, used 321536K [0x00000000e0000000, 0x0000000100000000, 0x0000000100000000)
  eden space 321536K, 100% used [0x00000000e0000000,0x00000000f3a00000,0x00000000f3a00000)
  from space 101376K, 0% used [0x00000000f3a00000,0x00000000f3a00000,0x00000000f9d00000)
  to   space 101376K, 0% used [0x00000000f9d00000,0x00000000f9d00000,0x0000000100000000)
 ParOldGen       total 556544K, used 556362K [0x00000000a0000000, 0x00000000c1f80000, 0x00000000e0000000)
  object space 556544K, 99% used [0x00000000a0000000,0x00000000c1f52b38,0x00000000c1f80000)
 Metaspace       used 55441K, capacity 57198K, committed 57344K, reserved 1099776K
  class space    used 7224K, capacity 7616K, committed 7680K, reserved 1048576K
Event: 87.182 GC heap after
Heap after GC invocations=43 (full 14):
 PSYoungGen      total 422912K, used 0K [0x00000000e0000000, 0x0000000100000000, 0x0000000100000000)
  eden space 321536K, 0% used [0x00000000e0000000,0x00000000e0000000,0x00000000f3a00000)
  from space 101376K, 0% used [0x00000000f3a00000,0x00000000f3a00000,0x00000000f9d00000)
  to   space 101376K, 0% used [0x00000000f9d00000,0x00000000f9d00000,0x0000000100000000)
 ParOldGen       total 556544K, used 439103K [0x00000000a0000000, 0x00000000c1f80000, 0x00000000e0000000)
  object space 556544K, 78% used [0x00000000a0000000,0x00000000baccfd18,0x00000000c1f80000)
 Metaspace       used 55441K, capacity 57198K, committed 57344K, reserved 1099776K
  class space    used 7224K, capacity 7616K, committed 7680K, reserved 1048576K
}
Event: 90.854 GC heap before
{Heap before GC invocations=44 (full 14):
 PSYoungGen      total 422912K, used 321536K [0x00000000e0000000, 0x0000000100000000, 0x0000000100000000)
  eden space 321536K, 100% used [0x00000000e0000000,0x00000000f3a00000,0x00000000f3a00000)
  from space 101376K, 0% used [0x00000000f3a00000,0x00000000f3a00000,0x00000000f9d00000)
  to   space 101376K, 0% used [0x00000000f9d00000,0x00000000f9d00000,0x0000000100000000)
 ParOldGen       total 556544K, used 439103K [0x00000000a0000000, 0x00000000c1f80000, 0x00000000e0000000)
  object space 556544K, 78% used [0x00000000a0000000,0x00000000baccfd18,0x00000000c1f80000)
 Metaspace       used 59076K, capacity 60984K, committed 61056K, reserved 1101824K
  class space    used 7628K, capacity 8037K, committed 8064K, reserved 1048576K
Event: 90.877 GC heap after
Heap after GC invocations=44 (full 14):
 PSYoungGen      total 391168K, used 23081K [0x00000000e0000000, 0x0000000100000000, 0x0000000100000000)
  eden space 289792K, 0% used [0x00000000e0000000,0x00000000e0000000,0x00000000f1b00000)
  from space 101376K, 22% used [0x00000000f9d00000,0x00000000fb38a538,0x0000000100000000)
  to   space 117248K, 0% used [0x00000000f1b00000,0x00000000f1b00000,0x00000000f8d80000)
 ParOldGen       total 556544K, used 439111K [0x00000000a0000000, 0x00000000c1f80000, 0x00000000e0000000)
  object space 556544K, 78% used [0x00000000a0000000,0x00000000bacd1d18,0x00000000c1f80000)
 Metaspace       used 59076K, capacity 60984K, committed 61056K, reserved 1101824K
  class space    used 7628K, capacity 8037K, committed 8064K, reserved 1048576K
}
Event: 475.740 GC heap before
{Heap before GC invocations=45 (full 14):
 PSYoungGen      total 391168K, used 312873K [0x00000000e0000000, 0x0000000100000000, 0x0000000100000000)
  eden space 289792K, 100% used [0x00000000e0000000,0x00000000f1b00000,0x00000000f1b00000)
  from space 101376K, 22% used [0x00000000f9d00000,0x00000000fb38a538,0x0000000100000000)
  to   space 117248K, 0% used [0x00000000f1b00000,0x00000000f1b00000,0x00000000f8d80000)
 ParOldGen       total 556544K, used 439111K [0x00000000a0000000, 0x00000000c1f80000, 0x00000000e0000000)
  object space 556544K, 78% used [0x00000000a0000000,0x00000000bacd1d18,0x00000000c1f80000)
 Metaspace       used 64350K, capacity 66606K, committed 66816K, reserved 1107968K
  class space    used 8174K, capacity 8642K, committed 8704K, reserved 1048576K
Event: 475.788 GC heap after
Heap after GC invocations=45 (full 14):
 PSYoungGen      total 407040K, used 20596K [0x00000000e0000000, 0x0000000100000000, 0x0000000100000000)
  eden space 289792K, 0% used [0x00000000e0000000,0x00000000e0000000,0x00000000f1b00000)
  from space 117248K, 17% used [0x00000000f1b00000,0x00000000f2f1d380,0x00000000f8d80000)
  to   space 115712K, 0% used [0x00000000f8f00000,0x00000000f8f00000,0x0000000100000000)
 ParOldGen       total 556544K, used 439119K [0x00000000a0000000, 0x00000000c1f80000, 0x00000000e0000000)
  object space 556544K, 78% used [0x00000000a0000000,0x00000000bacd3d18,0x00000000c1f80000)
 Metaspace       used 64350K, capacity 66606K, committed 66816K, reserved 1107968K
  class space    used 8174K, capacity 8642K, committed 8704K, reserved 1048576K
}

Deoptimization events (10 events):
Event: 475.478 Thread 0x000000001b6d0000 Uncommon trap: reason=unstable_if action=reinterpret pc=0x0000000004787e10 method=sun.nio.cs.UTF_8$Decoder.decodeArrayLoop(Ljava/nio/ByteBuffer;Ljava/nio/CharBuffer;)Ljava/nio/charset/CoderResult; @ 84
Event: 475.503 Thread 0x000000001b6d0000 Uncommon trap: reason=unstable_if action=reinterpret pc=0x0000000003b0066c method=java.lang.CharacterDataLatin1.digit(II)I @ 60
Event: 475.508 Thread 0x000000001b6d0000 Uncommon trap: reason=unstable_if action=reinterpret pc=0x00000000039ecba4 method=java.lang.CharacterDataLatin1.digit(II)I @ 60
Event: 475.513 Thread 0x000000001b6d0000 Uncommon trap: reason=unstable_if action=reinterpret pc=0x0000000004785200 method=sun.nio.cs.UTF_8$Decoder.decodeArrayLoop(Ljava/nio/ByteBuffer;Ljava/nio/CharBuffer;)Ljava/nio/charset/CoderResult; @ 84
Event: 475.520 Thread 0x000000001b6d0000 Uncommon trap: reason=unstable_if action=reinterpret pc=0x00000000028f16c0 method=java.lang.CharacterData.of(I)Ljava/lang/CharacterData; @ 4
Event: 475.578 Thread 0x000000001b6d0000 Uncommon trap: reason=unstable_if action=reinterpret pc=0x0000000003513b14 method=com.sun.tools.javac.util.ArrayUtils.ensureCapacity([CI)[C @ 3
Event: 475.590 Thread 0x000000001b6d0000 Uncommon trap: reason=unstable_if action=reinterpret pc=0x000000000360290c method=java.util.regex.Pattern$Ctype.isSatisfiedBy(I)Z @ 4
Event: 475.789 Thread 0x00000000027a0800 Uncommon trap: reason=unstable_if action=reinterpret pc=0x0000000002a25774 method=java.lang.ref.Reference.tryHandlePending(Z)Z @ 20
Event: 476.027 Thread 0x000000001b6d0000 Uncommon trap: reason=unstable_if action=reinterpret pc=0x0000000004f14440 method=com.sun.tools.javac.parser.UnicodeReader.scanCommentChar()V @ 10
Event: 476.128 Thread 0x000000001b6d0000 Uncommon trap: reason=unstable_if action=reinterpret pc=0x000000000301397c method=com.sun.tools.javac.parser.JavadocTokenizer$DocReader.putChar(CZ)V @ 58

Internal exceptions (10 events):
Event: 471.171 Thread 0x000000001b6d0000 Exception <a 'sun/nio/fs/WindowsException'> (0x00000000ec53c190) thrown at [C:\src\android\AOSP-openjdk\external\jetbrains\jdk\hotspot\src\share\vm\prims\jni.cpp, line 709]
Event: 471.172 Thread 0x000000001b6d0000 Exception <a 'sun/nio/fs/WindowsException'> (0x00000000ec53f0d8) thrown at [C:\src\android\AOSP-openjdk\external\jetbrains\jdk\hotspot\src\share\vm\prims\jni.cpp, line 709]
Event: 471.172 Thread 0x000000001b6d0000 Exception <a 'sun/nio/fs/WindowsException'> (0x00000000ec53fc70) thrown at [C:\src\android\AOSP-openjdk\external\jetbrains\jdk\hotspot\src\share\vm\prims\jni.cpp, line 709]
Event: 471.173 Thread 0x000000001b6d0000 Exception <a 'sun/nio/fs/WindowsException'> (0x00000000ec541838) thrown at [C:\src\android\AOSP-openjdk\external\jetbrains\jdk\hotspot\src\share\vm\prims\jni.cpp, line 709]
Event: 471.173 Thread 0x000000001b6d0000 Exception <a 'sun/nio/fs/WindowsException'> (0x00000000ec542410) thrown at [C:\src\android\AOSP-openjdk\external\jetbrains\jdk\hotspot\src\share\vm\prims\jni.cpp, line 709]
Event: 471.174 Thread 0x000000001b6d0000 Exception <a 'sun/nio/fs/WindowsException'> (0x00000000ec544ed0) thrown at [C:\src\android\AOSP-openjdk\external\jetbrains\jdk\hotspot\src\share\vm\prims\jni.cpp, line 709]
Event: 471.174 Thread 0x000000001b6d0000 Exception <a 'sun/nio/fs/WindowsException'> (0x00000000ec545b00) thrown at [C:\src\android\AOSP-openjdk\external\jetbrains\jdk\hotspot\src\share\vm\prims\jni.cpp, line 709]
Event: 471.174 Thread 0x000000001b6d0000 Exception <a 'sun/nio/fs/WindowsException'> (0x00000000ec547768) thrown at [C:\src\android\AOSP-openjdk\external\jetbrains\jdk\hotspot\src\share\vm\prims\jni.cpp, line 709]
Event: 471.174 Thread 0x000000001b6d0000 Exception <a 'sun/nio/fs/WindowsException'> (0x00000000ec5483d8) thrown at [C:\src\android\AOSP-openjdk\external\jetbrains\jdk\hotspot\src\share\vm\prims\jni.cpp, line 709]
Event: 474.929 Thread 0x000000001b6d0000 Implicit null exception at 0x00000000047e4fd8 to 0x00000000047e6475

Events (10 events):
Event: 476.027 Thread 0x000000001b6d0000 Uncommon trap: trap_request=0xffffff65 fr.pc=0x0000000004f14440
Event: 476.027 Thread 0x000000001b6d0000 DEOPT PACKING pc=0x0000000004f14440 sp=0x00000000227aaff0
Event: 476.027 Thread 0x000000001b6d0000 DEOPT UNPACKING pc=0x00000000027f556a sp=0x00000000227aaf80 mode 2
Event: 476.090 Thread 0x000000001b6d0000 DEOPT PACKING pc=0x0000000004f5c139 sp=0x00000000227aaf30
Event: 476.090 Thread 0x000000001b6d0000 DEOPT UNPACKING pc=0x00000000027f75bf sp=0x00000000227aacf8 mode 0
Event: 476.094 Thread 0x000000001b6d0000 DEOPT PACKING pc=0x0000000004f5c139 sp=0x00000000227aaf30
Event: 476.094 Thread 0x000000001b6d0000 DEOPT UNPACKING pc=0x00000000027f75bf sp=0x00000000227aacf8 mode 0
Event: 476.128 Thread 0x000000001b6d0000 Uncommon trap: trap_request=0xffffff65 fr.pc=0x000000000301397c
Event: 476.128 Thread 0x000000001b6d0000 DEOPT PACKING pc=0x000000000301397c sp=0x00000000227aaeb0
Event: 476.128 Thread 0x000000001b6d0000 DEOPT UNPACKING pc=0x00000000027f556a sp=0x00000000227aae80 mode 2


Dynamic libraries:
0x00007ff65c6a0000 - 0x00007ff65c6d1000 	C:\Program Files\Android\Android Studio\jre\bin\java.exe
0x00007ff8a3e20000 - 0x00007ff8a3ffb000 	C:\WINDOWS\SYSTEM32\ntdll.dll
0x00007ff883d30000 - 0x00007ff883d63000 	C:\Program Files\AVAST Software\Avast\x64\aswhooka.dll
0x00007ff8a2fd0000 - 0x00007ff8a307e000 	C:\WINDOWS\System32\KERNEL32.DLL
0x00007ff8a0ef0000 - 0x00007ff8a1139000 	C:\WINDOWS\System32\KERNELBASE.dll
0x00007ff8a3d40000 - 0x00007ff8a3de1000 	C:\WINDOWS\System32\ADVAPI32.dll
0x00007ff8a2ec0000 - 0x00007ff8a2f5d000 	C:\WINDOWS\System32\msvcrt.dll
0x00007ff8a2e50000 - 0x00007ff8a2ea9000 	C:\WINDOWS\System32\sechost.dll
0x00007ff8a2a10000 - 0x00007ff8a2b35000 	C:\WINDOWS\System32\RPCRT4.dll
0x00007ff8a2820000 - 0x00007ff8a296a000 	C:\WINDOWS\System32\USER32.dll
0x00007ff8a0ed0000 - 0x00007ff8a0eee000 	C:\WINDOWS\System32\win32u.dll
0x00007ff8a2fa0000 - 0x00007ff8a2fc7000 	C:\WINDOWS\System32\GDI32.dll
0x00007ff8a11f0000 - 0x00007ff8a1378000 	C:\WINDOWS\System32\gdi32full.dll
0x00007ff8a0460000 - 0x00007ff8a04fa000 	C:\WINDOWS\System32\msvcp_win.dll
0x00007ff8a0c00000 - 0x00007ff8a0cf6000 	C:\WINDOWS\System32\ucrtbase.dll
0x00007ff897330000 - 0x00007ff897597000 	C:\WINDOWS\WinSxS\amd64_microsoft.windows.common-controls_6595b64144ccf1df_6.0.15063.0_none_108e4f62dfe5d999\COMCTL32.dll
0x00007ff8a32e0000 - 0x00007ff8a35d9000 	C:\WINDOWS\System32\combase.dll
0x00007ff8a0340000 - 0x00007ff8a03aa000 	C:\WINDOWS\System32\bcryptPrimitives.dll
0x00007ff8a2f70000 - 0x00007ff8a2f9d000 	C:\WINDOWS\System32\IMM32.DLL
0x0000000050d30000 - 0x0000000050e02000 	C:\Program Files\Android\Android Studio\jre\jre\bin\msvcr100.dll
0x0000000051840000 - 0x000000005207c000 	C:\Program Files\Android\Android Studio\jre\jre\bin\server\jvm.dll
0x00007ff8a2eb0000 - 0x00007ff8a2eb8000 	C:\WINDOWS\System32\PSAPI.DLL
0x00007ff891e30000 - 0x00007ff891e39000 	C:\WINDOWS\SYSTEM32\WSOCK32.dll
0x00007ff8a3c20000 - 0x00007ff8a3c8c000 	C:\WINDOWS\System32\WS2_32.dll
0x00007ff89e800000 - 0x00007ff89e823000 	C:\WINDOWS\SYSTEM32\WINMM.dll
0x00007ff89c9a0000 - 0x00007ff89c9aa000 	C:\WINDOWS\SYSTEM32\VERSION.dll
0x00007ff89e7a0000 - 0x00007ff89e7cb000 	C:\WINDOWS\SYSTEM32\WINMMBASE.dll
0x00007ff8a03b0000 - 0x00007ff8a03f9000 	C:\WINDOWS\System32\cfgmgr32.dll
0x00007ff888e40000 - 0x00007ff888e4f000 	C:\Program Files\Android\Android Studio\jre\jre\bin\verify.dll
0x00007ff8702e0000 - 0x00007ff870309000 	C:\Program Files\Android\Android Studio\jre\jre\bin\java.dll
0x00007ff87a7d0000 - 0x00007ff87a7e6000 	C:\Program Files\Android\Android Studio\jre\jre\bin\zip.dll
0x00007ff8a1380000 - 0x00007ff8a27b7000 	C:\WINDOWS\System32\SHELL32.dll
0x00007ff8a3c90000 - 0x00007ff8a3d3a000 	C:\WINDOWS\System32\shcore.dll
0x00007ff8a0500000 - 0x00007ff8a0bf2000 	C:\WINDOWS\System32\windows.storage.dll
0x00007ff8a35e0000 - 0x00007ff8a3631000 	C:\WINDOWS\System32\shlwapi.dll
0x00007ff8a02d0000 - 0x00007ff8a02e1000 	C:\WINDOWS\System32\kernel.appcore.dll
0x00007ff8a02f0000 - 0x00007ff8a033c000 	C:\WINDOWS\System32\powrprof.dll
0x00007ff8a0290000 - 0x00007ff8a02a5000 	C:\WINDOWS\System32\profapi.dll
0x00007ff870280000 - 0x00007ff87029a000 	C:\Program Files\Android\Android Studio\jre\jre\bin\net.dll
0x00007ff89fb40000 - 0x00007ff89fb9c000 	C:\WINDOWS\system32\mswsock.dll
0x00007ff870260000 - 0x00007ff870271000 	C:\Program Files\Android\Android Studio\jre\jre\bin\nio.dll
0x00007ff8994d0000 - 0x00007ff8994ee000 	C:\Users\kgm13\.gradle\native\23\windows-amd64\native-platform.dll
0x00007ff89fce0000 - 0x00007ff89fcf7000 	C:\WINDOWS\SYSTEM32\CRYPTSP.dll
0x00007ff89f760000 - 0x00007ff89f794000 	C:\WINDOWS\system32\rsaenh.dll
0x00007ff8a0160000 - 0x00007ff8a0185000 	C:\WINDOWS\SYSTEM32\bcrypt.dll
0x00007ff8a01c0000 - 0x00007ff8a01e9000 	C:\WINDOWS\SYSTEM32\USERENV.dll
0x00007ff89fd00000 - 0x00007ff89fd0b000 	C:\WINDOWS\SYSTEM32\CRYPTBASE.dll
0x00007ff89f8e0000 - 0x00007ff89f917000 	C:\WINDOWS\SYSTEM32\IPHLPAPI.DLL
0x00007ff8a2f60000 - 0x00007ff8a2f68000 	C:\WINDOWS\System32\NSI.dll
0x00007ff899910000 - 0x00007ff899926000 	C:\WINDOWS\SYSTEM32\dhcpcsvc6.DLL
0x00007ff899300000 - 0x00007ff89931a000 	C:\WINDOWS\SYSTEM32\dhcpcsvc.DLL
0x00007ff86e990000 - 0x00007ff86e99d000 	C:\Program Files\Android\Android Studio\jre\jre\bin\management.dll

VM Arguments:
jvm_args: -Xmx1536m -Dfile.encoding=x-windows-949 -Duser.country=KR -Duser.language=ko -Duser.variant 
java_command: org.gradle.launcher.daemon.bootstrap.GradleDaemon 3.3
java_class_path (initial): C:\Users\kgm13\.gradle\wrapper\dists\gradle-3.3-all\55gk2rcmfc6p2dg9u9ohc3hw9\gradle-3.3\lib\gradle-launcher-3.3.jar
Launcher Type: SUN_STANDARD

Environment Variables:
JAVA_HOME=C:\Program Files\Java\jdk1.8.0_101
PATH=C:\Python27\;C:\Python27\Scripts;C:\ProgramData\Oracle\Java\javapath;C:\WINDOWS\system32;C:\WINDOWS;C:\WINDOWS\System32\Wbem;C:\WINDOWS\System32\WindowsPowerShell\v1.0\;C:\Program Files (x86)\ATI Technologies\ATI.ACE\Core-Static;C:\WINDOWS\system32\config\systemprofile\.dnx\bin;C:\Program Files\Microsoft DNX\Dnvm\;C:\Program Files (x86)\Windows Kits\8.1\Windows Performance Toolkit\;C:\Program Files\Microsoft SQL Server\130\Tools\Binn\;C:\Program Files\Java\jdk1.8.0_101\bin;C:\Program Files\nodejs\;C:\Program Files\Git\cmd;C:\Program Files\Apache Software Foundation\Tomcat 8.0;C:\Program Files\PuTTY\;C:\Cadence\SPB_16.6\openaccess\bin\win32\opt;C:\Cadence\SPB_16.6\tools\capture;C:\Cadence\SPB_16.6\tools\pspice;C:\Cadence\SPB_16.6\tools\specctra\bin;C:\Cadence\SPB_16.6\tools\fet\bin;C:\Cadence\SPB_16.6\tools\libutil\bin;C:\Cadence\SPB_16.6\tools\bin;C:\Cadence\SPB_16.6\tools\pcb\bin;C:\Users\kgm13\AppData\Local\Microsoft\WindowsApps;C:\Program Files (x86)\Microsoft VS Code\bin;C:\Users\kgm13\AppData\Roaming\npm;
USERNAME=kgm13
OS=Windows_NT
PROCESSOR_IDENTIFIER=Intel64 Family 6 Model 58 Stepping 9, GenuineIntel



---------------  S Y S T E M  ---------------

OS: Windows 10.0 , 64 bit Build 15063 (10.0.15063.296)

CPU:total 4 (2 cores per cpu, 2 threads per core) family 6 model 58 stepping 9, cmov, cx8, fxsr, mmx, sse, sse2, sse3, ssse3, sse4.1, sse4.2, popcnt, avx, aes, clmul, erms, ht, tsc, tscinvbit, tscinv

Memory: 4k page, physical 8334620k(3410752k free), swap 10293532k(2152k free)

vm_info: OpenJDK 64-Bit Server VM (25.112-b06) for windows-amd64 JRE (1.8.0_112-release-b06), built on Dec  8 2016 00:54:26 by "builder" with MS VC++ 10.0 (VS2010)

time: Thu Jun 22 10:10:41 2017
elapsed time: 476 seconds (0d 0h 7m 56s)

